ARM GAS  /tmp/ccVeZz47.s 			page 1


   1              		.cpu cortex-m7
   2              		.eabi_attribute 28, 1
   3              		.eabi_attribute 20, 1
   4              		.eabi_attribute 21, 1
   5              		.eabi_attribute 23, 3
   6              		.eabi_attribute 24, 1
   7              		.eabi_attribute 25, 1
   8              		.eabi_attribute 26, 1
   9              		.eabi_attribute 30, 4
  10              		.eabi_attribute 34, 1
  11              		.eabi_attribute 18, 4
  12              		.file	"Basic_Delay.cpp"
  13              		.text
  14              	.Ltext0:
  15              		.cfi_sections	.debug_frame
  16              	.Letext0:
  17              		.file 1 "/home/luca/DaisySeedDeveloper/gcc-arm-none-eabi-10-2020-q4-major/arm-none-eabi/include/ma
  18              		.file 2 "/home/luca/DaisySeedDeveloper/gcc-arm-none-eabi-10-2020-q4-major/arm-none-eabi/include/sy
  19              		.file 3 "/home/luca/DaisySeedDeveloper/gcc-arm-none-eabi-10-2020-q4-major/arm-none-eabi/include/st
  20              		.file 4 "/home/luca/DaisySeedDeveloper/gcc-arm-none-eabi-10-2020-q4-major/lib/gcc/arm-none-eabi/10
  21              		.file 5 "/home/luca/DaisySeedDeveloper/gcc-arm-none-eabi-10-2020-q4-major/arm-none-eabi/include/c+
  22              		.file 6 "/home/luca/DaisySeedDeveloper/gcc-arm-none-eabi-10-2020-q4-major/arm-none-eabi/include/c+
  23              		.file 7 "/home/luca/DaisySeedDeveloper/gcc-arm-none-eabi-10-2020-q4-major/arm-none-eabi/include/c+
  24              		.file 8 "/home/luca/DaisySeedDeveloper/gcc-arm-none-eabi-10-2020-q4-major/arm-none-eabi/include/c+
  25              		.file 9 "/home/luca/DaisySeedDeveloper/gcc-arm-none-eabi-10-2020-q4-major/arm-none-eabi/include/c+
  26              		.file 10 "/home/luca/DaisySeedDeveloper/gcc-arm-none-eabi-10-2020-q4-major/arm-none-eabi/include/c
  27              		.file 11 "/home/luca/DaisySeedDeveloper/gcc-arm-none-eabi-10-2020-q4-major/arm-none-eabi/include/c
  28              		.file 12 "/home/luca/DaisySeedDeveloper/gcc-arm-none-eabi-10-2020-q4-major/arm-none-eabi/include/c
  29              		.file 13 "/home/luca/DaisySeedDeveloper/gcc-arm-none-eabi-10-2020-q4-major/arm-none-eabi/include/c
  30              		.file 14 "/home/luca/DaisySeedDeveloper/gcc-arm-none-eabi-10-2020-q4-major/arm-none-eabi/include/c
  31              		.file 15 "/home/luca/DaisySeedDeveloper/gcc-arm-none-eabi-10-2020-q4-major/arm-none-eabi/include/c
  32              		.file 16 "/home/luca/DaisySeedDeveloper/gcc-arm-none-eabi-10-2020-q4-major/arm-none-eabi/include/c
  33              		.file 17 "/home/luca/DaisySeedDeveloper/gcc-arm-none-eabi-10-2020-q4-major/arm-none-eabi/include/c
  34              		.file 18 "/home/luca/DaisySeedDeveloper/gcc-arm-none-eabi-10-2020-q4-major/arm-none-eabi/include/c
  35              		.file 19 "/home/luca/DaisySeedDeveloper/gcc-arm-none-eabi-10-2020-q4-major/arm-none-eabi/include/c
  36              		.file 20 "/home/luca/DaisySeedDeveloper/gcc-arm-none-eabi-10-2020-q4-major/arm-none-eabi/include/c
  37              		.file 21 "/home/luca/DaisySeedDeveloper/gcc-arm-none-eabi-10-2020-q4-major/arm-none-eabi/include/c
  38              		.file 22 "/home/luca/DaisySeedDeveloper/gcc-arm-none-eabi-10-2020-q4-major/arm-none-eabi/include/s
  39              		.file 23 "/home/luca/DaisySeedDeveloper/gcc-arm-none-eabi-10-2020-q4-major/arm-none-eabi/include/s
  40              		.file 24 "/home/luca/DaisySeedDeveloper/gcc-arm-none-eabi-10-2020-q4-major/arm-none-eabi/include/s
  41              		.file 25 "/home/luca/DaisySeedDeveloper/gcc-arm-none-eabi-10-2020-q4-major/arm-none-eabi/include/m
  42              		.file 26 "/home/luca/DaisySeedDeveloper/gcc-arm-none-eabi-10-2020-q4-major/arm-none-eabi/include/s
  43              		.file 27 "/home/luca/DaisySeedDeveloper/gcc-arm-none-eabi-10-2020-q4-major/arm-none-eabi/include/c
  44              		.file 28 "/home/luca/DaisySeedDeveloper/gcc-arm-none-eabi-10-2020-q4-major/lib/gcc/arm-none-eabi/1
  45              		.file 29 "/home/luca/DaisySeedDeveloper/gcc-arm-none-eabi-10-2020-q4-major/arm-none-eabi/include/w
  46              		.file 30 "/home/luca/DaisySeedDeveloper/gcc-arm-none-eabi-10-2020-q4-major/arm-none-eabi/include/l
  47              		.file 31 "/home/luca/DaisySeedDeveloper/gcc-arm-none-eabi-10-2020-q4-major/arm-none-eabi/include/s
  48              		.file 32 "../../DaisySP//Source/Control/adenv.h"
  49              		.file 33 "../../DaisySP//Source/Utility/dsp.h"
  50              		.file 34 "/home/luca/DaisySeedDeveloper/gcc-arm-none-eabi-10-2020-q4-major/arm-none-eabi/include/c
  51              		.file 35 "/home/luca/DaisySeedDeveloper/gcc-arm-none-eabi-10-2020-q4-major/arm-none-eabi/include/s
  52              		.file 36 "<built-in>"
ARM GAS  /tmp/ccVeZz47.s 			page 2


DEFINED SYMBOLS
                            *ABS*:0000000000000000 Basic_Delay.cpp

NO UNDEFINED SYMBOLS
